# JRE version: Java(TM) SE Runtime Environment (8.0_66-b18) (build 1.8.0_66-b18)
# Java VM: Java HotSpot(TM) 64-Bit Server VM (25.66-b18 mixed mode windows-amd64 compressed oops)
Heap:
 PSYoungGen      total 344064K, used 109013K [0x000000072ab00000, 0x0000000742000000, 0x00000007c0000000)
  eden space 324608K, 33% used [0x000000072ab00000,0x0000000731575530,0x000000073e800000)
  from space 19456K, 0% used [0x000000073f980000,0x000000073f980000,0x0000000740c80000)
  to   space 19968K, 0% used [0x0000000740c80000,0x0000000740c80000,0x0000000742000000)
 ParOldGen       total 750080K, used 32684K [0x0000000600000000, 0x000000062dc80000, 0x000000072ab00000)
  object space 750080K, 4% used [0x0000000600000000,0x0000000601feb0e8,0x000000062dc80000)
 Metaspace       used 60948K, capacity 62678K, committed 62720K, reserved 1103872K
  class space    used 7947K, capacity 8432K, committed 8448K, reserved 1048576K
GC Heap History (10 events):
Event: 103.956 GC heap before
{Heap before GC invocations=6 (full 2):
 PSYoungGen      total 305664K, used 262144K [0x000000072ab00000, 0x0000000745b80000, 0x00000007c0000000)
  eden space 262144K, 100% used [0x000000072ab00000,0x000000073ab00000,0x000000073ab00000)
  from space 43520K, 0% used [0x000000073ab00000,0x000000073ab00000,0x000000073d580000)
  to   space 43520K, 0% used [0x0000000743100000,0x0000000743100000,0x0000000745b80000)
 ParOldGen       total 750080K, used 19612K [0x0000000600000000, 0x000000062dc80000, 0x000000072ab00000)
  object space 750080K, 2% used [0x0000000600000000,0x0000000601327000,0x000000062dc80000)
 Metaspace       used 41096K, capacity 41916K, committed 42368K, reserved 1085440K
  class space    used 5429K, capacity 5695K, committed 5760K, reserved 1048576K
Event: 103.968 GC heap after
Heap after GC invocations=6 (full 2):
 PSYoungGen      total 367616K, used 8767K [0x000000072ab00000, 0x0000000744c00000, 0x00000007c0000000)
  eden space 339968K, 0% used [0x000000072ab00000,0x000000072ab00000,0x000000073f700000)
  from space 27648K, 31% used [0x0000000743100000,0x000000074398fec8,0x0000000744c00000)
  to   space 43520K, 0% used [0x000000073f700000,0x000000073f700000,0x0000000742180000)
 ParOldGen       total 750080K, used 19719K [0x0000000600000000, 0x000000062dc80000, 0x000000072ab00000)
  object space 750080K, 2% used [0x0000000600000000,0x0000000601341c60,0x000000062dc80000)
 Metaspace       used 41096K, capacity 41916K, committed 42368K, reserved 1085440K
  class space    used 5429K, capacity 5695K, committed 5760K, reserved 1048576K
}
Event: 386.187 GC heap before
{Heap before GC invocations=7 (full 2):
 PSYoungGen      total 367616K, used 348735K [0x000000072ab00000, 0x0000000744c00000, 0x00000007c0000000)
  eden space 339968K, 100% used [0x000000072ab00000,0x000000073f700000,0x000000073f700000)
  from space 27648K, 31% used [0x0000000743100000,0x000000074398fec8,0x0000000744c00000)
  to   space 43520K, 0% used [0x000000073f700000,0x000000073f700000,0x0000000742180000)
 ParOldGen       total 750080K, used 19719K [0x0000000600000000, 0x000000062dc80000, 0x000000072ab00000)
  object space 750080K, 2% used [0x0000000600000000,0x0000000601341c60,0x000000062dc80000)
 Metaspace       used 41178K, capacity 41980K, committed 42368K, reserved 1085440K
  class space    used 5429K, capacity 5695K, committed 5760K, reserved 1048576K
Event: 386.201 GC heap after
Heap after GC invocations=7 (full 2):
 PSYoungGen      total 342016K, used 6692K [0x000000072ab00000, 0x0000000743180000, 0x00000007c0000000)
  eden space 334848K, 0% used [0x000000072ab00000,0x000000072ab00000,0x000000073f200000)
  from space 7168K, 93% used [0x000000073f700000,0x000000073fd89148,0x000000073fe00000)
  to   space 21504K, 0% used [0x0000000741c80000,0x0000000741c80000,0x0000000743180000)
 ParOldGen       total 750080K, used 19727K [0x0000000600000000, 0x000000062dc80000, 0x000000072ab00000)
  object space 750080K, 2% used [0x0000000600000000,0x0000000601343c60,0x000000062dc80000)
 Metaspace       used 41178K, capacity 41980K, committed 42368K, reserved 1085440K
  class space    used 5429K, capacity 5695K, committed 5760K, reserved 1048576K
}
Event: 392.697 GC heap before
{Heap before GC invocations=8 (full 2):
 PSYoungGen      total 342016K, used 341540K [0x000000072ab00000, 0x0000000743180000, 0x00000007c0000000)
  eden space 334848K, 100% used [0x000000072ab00000,0x000000073f200000,0x000000073f200000)
  from space 7168K, 93% used [0x000000073f700000,0x000000073fd89148,0x000000073fe00000)
  to   space 21504K, 0% used [0x0000000741c80000,0x0000000741c80000,0x0000000743180000)
 ParOldGen       total 750080K, used 19727K [0x0000000600000000, 0x000000062dc80000, 0x000000072ab00000)
  object space 750080K, 2% used [0x0000000600000000,0x0000000601343c60,0x000000062dc80000)
 Metaspace       used 55937K, capacity 57360K, committed 57600K, reserved 1099776K
  class space    used 7439K, capacity 7864K, committed 7936K, reserved 1048576K
Event: 392.742 GC heap after
Heap after GC invocations=8 (full 2):
 PSYoungGen      total 351232K, used 21489K [0x000000072ab00000, 0x0000000743180000, 0x00000007c0000000)
  eden space 329728K, 0% used [0x000000072ab00000,0x000000072ab00000,0x000000073ed00000)
  from space 21504K, 99% used [0x0000000741c80000,0x000000074317c748,0x0000000743180000)
  to   space 28672K, 0% used [0x000000073f980000,0x000000073f980000,0x0000000741580000)
 ParOldGen       total 750080K, used 25128K [0x0000000600000000, 0x000000062dc80000, 0x000000072ab00000)
  object space 750080K, 3% used [0x0000000600000000,0x000000060188a258,0x000000062dc80000)
 Metaspace       used 55937K, capacity 57360K, committed 57600K, reserved 1099776K
  class space    used 7439K, capacity 7864K, committed 7936K, reserved 1048576K
}
Event: 470.149 GC heap before
{Heap before GC invocations=9 (full 2):
 PSYoungGen      total 351232K, used 84713K [0x000000072ab00000, 0x0000000743180000, 0x00000007c0000000)
  eden space 329728K, 19% used [0x000000072ab00000,0x000000072e8bde18,0x000000073ed00000)
  from space 21504K, 99% used [0x0000000741c80000,0x000000074317c748,0x0000000743180000)
  to   space 28672K, 0% used [0x000000073f980000,0x000000073f980000,0x0000000741580000)
 ParOldGen       total 750080K, used 25128K [0x0000000600000000, 0x000000062dc80000, 0x000000072ab00000)
  object space 750080K, 3% used [0x0000000600000000,0x000000060188a258,0x000000062dc80000)
 Metaspace       used 57610K, capacity 59118K, committed 59160K, reserved 1099776K
  class space    used 7586K, capacity 8061K, committed 8064K, reserved 1048576K
Event: 470.187 GC heap after
Heap after GC invocations=9 (full 2):
 PSYoungGen      total 344064K, used 19308K [0x000000072ab00000, 0x0000000742000000, 0x00000007c0000000)
  eden space 324608K, 0% used [0x000000072ab00000,0x000000072ab00000,0x000000073e800000)
  from space 19456K, 99% used [0x000000073f980000,0x0000000740c5b328,0x0000000740c80000)
  to   space 19968K, 0% used [0x0000000740c80000,0x0000000740c80000,0x0000000742000000)
 ParOldGen       total 750080K, used 25136K [0x0000000600000000, 0x000000062dc80000, 0x000000072ab00000)
  object space 750080K, 3% used [0x0000000600000000,0x000000060188c258,0x000000062dc80000)
 Metaspace       used 57610K, capacity 59118K, committed 59160K, reserved 1099776K
  class space    used 7586K, capacity 8061K, committed 8064K, reserved 1048576K
}
Event: 470.187 GC heap before
{Heap before GC invocations=10 (full 3):
 PSYoungGen      total 344064K, used 19308K [0x000000072ab00000, 0x0000000742000000, 0x00000007c0000000)
  eden space 324608K, 0% used [0x000000072ab00000,0x000000072ab00000,0x000000073e800000)
  from space 19456K, 99% used [0x000000073f980000,0x0000000740c5b328,0x0000000740c80000)
  to   space 19968K, 0% used [0x0000000740c80000,0x0000000740c80000,0x0000000742000000)
 ParOldGen       total 750080K, used 25136K [0x0000000600000000, 0x000000062dc80000, 0x000000072ab00000)
  object space 750080K, 3% used [0x0000000600000000,0x000000060188c258,0x000000062dc80000)
 Metaspace       used 57610K, capacity 59118K, committed 59160K, reserved 1099776K
  class space    used 7586K, capacity 8061K, committed 8064K, reserved 1048576K
Event: 470.505 GC heap after
Heap after GC invocations=10 (full 3):
 PSYoungGen      total 344064K, used 0K [0x000000072ab00000, 0x0000000742000000, 0x00000007c0000000)
  eden space 324608K, 0% used [0x000000072ab00000,0x000000072ab00000,0x000000073e800000)
  from space 19456K, 0% used [0x000000073f980000,0x000000073f980000,0x0000000740c80000)
  to   space 19968K, 0% used [0x0000000740c80000,0x0000000740c80000,0x0000000742000000)
 ParOldGen       total 750080K, used 32684K [0x0000000600000000, 0x000000062dc80000, 0x000000072ab00000)
  object space 750080K, 4% used [0x0000000600000000,0x0000000601feb0e8,0x000000062dc80000)
 Metaspace       used 57559K, capacity 58976K, committed 59160K, reserved 1099776K
  class space    used 7571K, capacity 8015K, committed 8064K, reserved 1048576K
}

